[debug] [2019-04-28T09:55:25.521Z] ----------------------------------------------------------------------
[debug] [2019-04-28T09:55:25.521Z] Command:       C:\Program Files\nodejs\node.exe C:\Users\manoj-u\AppData\Roaming\npm\node_modules\firebase-tools\lib\bin\firebase.js deploy
[debug] [2019-04-28T09:55:25.537Z] CLI Version:   6.7.1
[debug] [2019-04-28T09:55:25.537Z] Platform:      win32
[debug] [2019-04-28T09:55:25.537Z] Node Version:  v8.11.3
[debug] [2019-04-28T09:55:25.537Z] Time:          Sun Apr 28 2019 15:25:25 GMT+0530 (India Standard Time)
[debug] [2019-04-28T09:55:25.537Z] ----------------------------------------------------------------------
[debug] 
[debug] [2019-04-28T09:55:25.568Z] > command requires scopes: ["email","openid","https://www.googleapis.com/auth/cloudplatformprojects.readonly","https://www.googleapis.com/auth/firebase","https://www.googleapis.com/auth/cloud-platform"]
[debug] [2019-04-28T09:55:25.584Z] > authorizing via signed-in user
[debug] [2019-04-28T09:55:25.584Z] [iam] checking project arth-e37f3 for permissions ["firebase.projects.get","firebasedatabase.instances.update","firebasehosting.sites.update"]
[debug] [2019-04-28T09:55:25.584Z] > refreshing access token with scopes: ["email","https://www.googleapis.com/auth/cloud-platform","https://www.googleapis.com/auth/cloudplatformprojects.readonly","https://www.googleapis.com/auth/firebase","openid"]
[debug] [2019-04-28T09:55:25.584Z] >>> HTTP REQUEST POST https://www.googleapis.com/oauth2/v3/token  
 <request body omitted>
[debug] [2019-04-28T09:55:25.870Z] <<< HTTP RESPONSE 200
[debug] [2019-04-28T09:55:25.886Z] >>> HTTP REQUEST POST https://cloudresourcemanager.googleapis.com/v1/projects/arth-e37f3:testIamPermissions  

[debug] [2019-04-28T09:55:27.847Z] <<< HTTP RESPONSE 200
[debug] [2019-04-28T09:55:27.847Z] >>> HTTP REQUEST GET https://firebase.googleapis.com/v1beta1/projects/arth-e37f3  
 
[debug] [2019-04-28T09:55:28.711Z] <<< HTTP RESPONSE 200
[info] 
[info] === Deploying to 'arth-e37f3'...
[info] 
[info] i  deploying database, hosting
[info] i  database: checking rules syntax...
[debug] [2019-04-28T09:55:28.717Z] >>> HTTP REQUEST PUT https://arth-e37f3.firebaseio.com/.settings/rules.json?dryRun=true  
 {
  /* Visit https://firebase.google.com/docs/database/security to learn more about security rules. */
  "rules": {
    ".read": true,
    ".write": true
  }
}
[debug] [2019-04-28T09:55:30.567Z] <<< HTTP RESPONSE 200
[info] +  database: rules syntax for database arth-e37f3 is valid
[debug] [2019-04-28T09:55:30.567Z] >>> HTTP REQUEST POST https://firebasehosting.googleapis.com/v1beta1/sites/arth-e37f3/versions  

[debug] [2019-04-28T09:55:33.280Z] <<< HTTP RESPONSE 200
[info] i  hosting[arth-e37f3]: beginning deploy...
[info] i  hosting[arth-e37f3]: found 16 files in dist/my-app
[debug] [2019-04-28T09:55:33.311Z] [hosting] hash cache [ZGlzdFxteS1hcHA] load error: lines is not defined
[debug] [2019-04-28T09:55:33.436Z] [hosting] hash cache [ZGlzdFxteS1hcHA] stored for 16 files
[debug] [2019-04-28T09:55:33.436Z] [hosting][hash queue][FINAL]
[debug] [2019-04-28T09:55:33.436Z] >>> HTTP REQUEST POST https://firebasehosting.googleapis.com/v1beta1/sites/arth-e37f3/versions/22d2e81579d44c39:populateFiles  
 <request body omitted>
[debug] [2019-04-28T09:55:36.090Z] <<< HTTP RESPONSE 200
[debug] [2019-04-28T09:55:36.090Z] [hosting][populate queue][FINAL]
[debug] [2019-04-28T09:55:36.090Z] [hosting] uploads queued: 2
[debug] [2019-04-28T09:55:40.202Z] [hosting][upload queue][FINAL]
[info] +  hosting[arth-e37f3]: file upload complete
[debug] [2019-04-28T09:55:40.204Z] [hosting] deploy completed after 6924ms
[info] i  database: releasing rules...
[debug] [2019-04-28T09:55:40.209Z] >>> HTTP REQUEST PUT https://arth-e37f3.firebaseio.com/.settings/rules.json  
 {
  /* Visit https://firebase.google.com/docs/database/security to learn more about security rules. */
  "rules": {
    ".read": true,
    ".write": true
  }
}
[debug] [2019-04-28T09:55:41.664Z] <<< HTTP RESPONSE 200
[info] +  database: rules for database arth-e37f3 released successfully
[debug] [2019-04-28T09:55:41.665Z] [
  {
    "config": {
      "public": "dist/my-app",
      "ignore": [
        "firebase.json",
        "**/.*",
        "**/node_modules/**"
      ],
      "site": "arth-e37f3"
    },
    "site": "arth-e37f3",
    "version": "sites/arth-e37f3/versions/22d2e81579d44c39"
  }
]
[info] i  hosting[arth-e37f3]: finalizing version...
[debug] [2019-04-28T09:55:41.665Z] >>> HTTP REQUEST PATCH https://firebasehosting.googleapis.com/v1beta1/sites/arth-e37f3/versions/22d2e81579d44c39?updateMask=status  

